日志文件组织
日志存储

每次实验创建一个独立的日志文件，命名方式：YYYYMMDD_experiment_description.log（如 20241122_resnet_training.log）。
日志文件存放在项目的 experiments/logs/ 文件夹中。
日志结构

使用分段或分级标题，便于阅读和快速定位。
内容可以包括：实验目标、设置、过程、结果和总结。

# 实验日志
# 日期：2024-11-22
# 实验名称：ResNet50 在 CIFAR-10 数据集上的分类任务

## 1. 实验目标
- 训练 ResNet50 模型，测试在 CIFAR-10 数据集上的表现。
- 调整学习率以提高模型收敛速度。

## 2. 实验设置
- 数据集：CIFAR-10
  - 训练集大小：50000
  - 测试集大小：10000
- 模型：ResNet50
- 超参数：
  - 学习率：0.01
  - 批量大小：128
  - 优化器：Adam
  - 训练轮数：50
- 硬件：
  - GPU: NVIDIA RTX 3080
  - CUDA 版本: 11.8

## 3. 实验过程
### 3.1 数据加载
- 数据增强：随机裁剪 + 水平翻转
- 数据预处理：归一化到 [0, 1]

### 3.2 模型训练
- 开始时间：2024-11-22 10:00:00
- 学习率衰减策略：每 10 轮减少 0.1 倍

### 3.3 模型评估
- 测试集准确率计算方法：Top-1 accuracy

## 4. 实验结果
### 4.1 训练结果
- 最佳训练集准确率：98.5%
- 最佳验证集准确率：90.2%
- 最低验证损失：0.45

### 4.2 测试集表现
- 最终测试集准确率：89.8%

## 5. 遇到的问题
1. 初始学习率设置较大，前 5 轮的损失震荡较大。
2. 模型训练到第 30 轮后验证集损失出现波动，可能存在过拟合。

## 6. 改进方向
1. 尝试较小的初始学习率，例如 0.001。
2. 添加 Dropout 层或增加数据增强方式。
3. 使用更大的数据集进行预训练。

## 7. 附加信息
- 日志文件路径：`experiments/logs/20241122_resnet_training.log`
- 模型保存路径：`experiments/models/resnet50_v1.pth`
- 可视化工具：TensorBoard，运行命令：`tensorboard --logdir=experiments/logs/`

## 8. 总结
此次实验成功验证了 ResNet50 在 CIFAR-10 上的性能，但仍有改进空间。下一步重点优化学习率设置。
